#
# There is insufficient memory for the Java Runtime Environment to continue.
# Native memory allocation (mmap) failed to map 1789569531904 bytes for committing reserved memory.
# Possible reasons:
#   The system is out of physical RAM or swap space
#   In 32 bit mode, the process size limit was hit
# Possible solutions:
#   Reduce memory load on the system
#   Increase physical memory or swap space
#   Check if swap backing store is full
#   Use 64 bit Java on a 64 bit OS
#   Decrease Java heap size (-Xmx/-Xms)
#   Decrease number of Java threads
#   Decrease Java thread stack sizes (-Xss)
#   Set larger code cache with -XX:ReservedCodeCacheSize=
# This output file may be truncated or incomplete.
#
#  Out of Memory Error (os_linux.cpp:2640), pid=4879, tid=0x00007ffa408b2700
#
# JRE version:  (8.0_131-b11) (build )
# Java VM: Java HotSpot(TM) 64-Bit Server VM (25.131-b11 mixed mode linux-amd64 )
# Failed to write core dump. Core dumps have been disabled. To enable core dumping, try "ulimit -c unlimited" before starting Java again
#

---------------  T H R E A D  ---------------

Current thread (0x00007ffa38008800):  JavaThread "Unknown thread" [_thread_in_vm, id=4908, stack(0x00007ffa407b2000,0x00007ffa408b3000)]

Stack: [0x00007ffa407b2000,0x00007ffa408b3000],  sp=0x00007ffa408b13c0,  free space=1020k
Native frames: (J=compiled Java code, j=interpreted, Vv=VM code, C=native code)
V  [libjvm.so+0xac826a]  VMError::report_and_die()+0x2ba
V  [libjvm.so+0x4fd4cb]  report_vm_out_of_memory(char const*, int, unsigned long, VMErrorType, char const*)+0x8b
V  [libjvm.so+0x924f53]  os::Linux::commit_memory_impl(char*, unsigned long, bool)+0x103
V  [libjvm.so+0x9254a9]  os::pd_commit_memory(char*, unsigned long, unsigned long, bool)+0x29
V  [libjvm.so+0x91f6ca]  os::commit_memory(char*, unsigned long, unsigned long, bool)+0x2a
V  [libjvm.so+0x9941e3]  PSVirtualSpace::expand_by(unsigned long)+0x53
V  [libjvm.so+0x9951a5]  PSYoungGen::initialize_virtual_space(ReservedSpace, unsigned long)+0x75
V  [libjvm.so+0x995b0e]  PSYoungGen::initialize(ReservedSpace, unsigned long)+0x3e
V  [libjvm.so+0x2d8c95]  AdjoiningGenerations::AdjoiningGenerations(ReservedSpace, GenerationSizer*, unsigned long)+0x345
V  [libjvm.so+0x9485c6]  ParallelScavengeHeap::initialize()+0x1d6
V  [libjvm.so+0xa902e3]  Universe::initialize_heap()+0xf3
V  [libjvm.so+0xa9084e]  universe_init()+0x3e
V  [libjvm.so+0x63e3e5]  init_globals()+0x65
V  [libjvm.so+0xa73f3e]  Threads::create_vm(JavaVMInitArgs*, bool*)+0x23e
V  [libjvm.so+0x6d2ce4]  JNI_CreateJavaVM+0x74
C  [libjli.so+0x745e]  JavaMain+0x9e
C  [libpthread.so.0+0x7dc5]  start_thread+0xc5


---------------  P R O C E S S  ---------------

Java Threads: ( => current thread )

Other Threads:

=>0x00007ffa38008800 (exited) JavaThread "Unknown thread" [_thread_in_vm, id=4908, stack(0x00007ffa407b2000,0x00007ffa408b3000)]

VM state:not at safepoint (not fully initialized)

VM Mutex/Monitor currently owned by a thread: None

GC Heap History (0 events):
No events

Deoptimization events (0 events):
No events

Internal exceptions (0 events):
No events

Events (0 events):
No events


Dynamic libraries:
00400000-00401000 r-xp 00000000 fd:00 34162510                           /usr/java/jdk1.8.0_131/bin/java
00600000-00601000 rw-p 00000000 fd:00 34162510                           /usr/java/jdk1.8.0_131/bin/java
00c44000-00c65000 rw-p 00000000 00:00 0                                  [heap]
7b15b7fff000-7b1828fff000 ---p 00000000 00:00 0 
7b1828fff000-7b1829000000 rw-p 00000000 00:00 0 
7b1829000000-7e597e580000 ---p 00000000 00:00 0 
7ffa29000000-7ffa29270000 rwxp 00000000 00:00 0 
7ffa29270000-7ffa38000000 ---p 00000000 00:00 0 
7ffa38000000-7ffa38031000 rw-p 00000000 00:00 0 
7ffa38031000-7ffa3c000000 ---p 00000000 00:00 0 
7ffa3d901000-7ffa3db92000 rw-p 00000000 00:00 0 
7ffa3db92000-7ffa3df48000 ---p 00000000 00:00 0 
7ffa3df48000-7ffa3df62000 r-xp 00000000 fd:00 68012159                   /usr/java/jdk1.8.0_131/jre/lib/amd64/libzip.so
7ffa3df62000-7ffa3e162000 ---p 0001a000 fd:00 68012159                   /usr/java/jdk1.8.0_131/jre/lib/amd64/libzip.so
7ffa3e162000-7ffa3e163000 rw-p 0001a000 fd:00 68012159                   /usr/java/jdk1.8.0_131/jre/lib/amd64/libzip.so
7ffa3e163000-7ffa3e16f000 r-xp 00000000 fd:00 67220257                   /usr/lib64/libnss_files-2.17.so
7ffa3e16f000-7ffa3e36e000 ---p 0000c000 fd:00 67220257                   /usr/lib64/libnss_files-2.17.so
7ffa3e36e000-7ffa3e36f000 r--p 0000b000 fd:00 67220257                   /usr/lib64/libnss_files-2.17.so
7ffa3e36f000-7ffa3e370000 rw-p 0000c000 fd:00 67220257                   /usr/lib64/libnss_files-2.17.so
7ffa3e370000-7ffa3e376000 rw-p 00000000 00:00 0 
7ffa3e376000-7ffa3e3a1000 r-xp 00000000 fd:00 68012123                   /usr/java/jdk1.8.0_131/jre/lib/amd64/libjava.so
7ffa3e3a1000-7ffa3e5a0000 ---p 0002b000 fd:00 68012123                   /usr/java/jdk1.8.0_131/jre/lib/amd64/libjava.so
7ffa3e5a0000-7ffa3e5a2000 rw-p 0002a000 fd:00 68012123                   /usr/java/jdk1.8.0_131/jre/lib/amd64/libjava.so
7ffa3e5a2000-7ffa3e5af000 r-xp 00000000 fd:00 68012158                   /usr/java/jdk1.8.0_131/jre/lib/amd64/libverify.so
7ffa3e5af000-7ffa3e7ae000 ---p 0000d000 fd:00 68012158                   /usr/java/jdk1.8.0_131/jre/lib/amd64/libverify.so
7ffa3e7ae000-7ffa3e7b0000 rw-p 0000c000 fd:00 68012158                   /usr/java/jdk1.8.0_131/jre/lib/amd64/libverify.so
7ffa3e7b0000-7ffa3e7b7000 r-xp 00000000 fd:00 67220269                   /usr/lib64/librt-2.17.so
7ffa3e7b7000-7ffa3e9b6000 ---p 00007000 fd:00 67220269                   /usr/lib64/librt-2.17.so
7ffa3e9b6000-7ffa3e9b7000 r--p 00006000 fd:00 67220269                   /usr/lib64/librt-2.17.so
7ffa3e9b7000-7ffa3e9b8000 rw-p 00007000 fd:00 67220269                   /usr/lib64/librt-2.17.so
7ffa3e9b8000-7ffa3eab8000 r-xp 00000000 fd:00 67220247                   /usr/lib64/libm-2.17.so
7ffa3eab8000-7ffa3ecb8000 ---p 00100000 fd:00 67220247                   /usr/lib64/libm-2.17.so
7ffa3ecb8000-7ffa3ecb9000 r--p 00100000 fd:00 67220247                   /usr/lib64/libm-2.17.so
7ffa3ecb9000-7ffa3ecba000 rw-p 00101000 fd:00 67220247                   /usr/lib64/libm-2.17.so
7ffa3ecba000-7ffa3f989000 r-xp 00000000 fd:00 750765                     /usr/java/jdk1.8.0_131/jre/lib/amd64/server/libjvm.so
7ffa3f989000-7ffa3fb89000 ---p 00ccf000 fd:00 750765                     /usr/java/jdk1.8.0_131/jre/lib/amd64/server/libjvm.so
7ffa3fb89000-7ffa3fc62000 rw-p 00ccf000 fd:00 750765                     /usr/java/jdk1.8.0_131/jre/lib/amd64/server/libjvm.so
7ffa3fc62000-7ffa3fcad000 rw-p 00000000 00:00 0 
7ffa3fcad000-7ffa3fe63000 r-xp 00000000 fd:00 67220239                   /usr/lib64/libc-2.17.so
7ffa3fe63000-7ffa40063000 ---p 001b6000 fd:00 67220239                   /usr/lib64/libc-2.17.so
7ffa40063000-7ffa40067000 r--p 001b6000 fd:00 67220239                   /usr/lib64/libc-2.17.so
7ffa40067000-7ffa40069000 rw-p 001ba000 fd:00 67220239                   /usr/lib64/libc-2.17.so
7ffa40069000-7ffa4006e000 rw-p 00000000 00:00 0 
7ffa4006e000-7ffa40070000 r-xp 00000000 fd:00 67220245                   /usr/lib64/libdl-2.17.so
7ffa40070000-7ffa40270000 ---p 00002000 fd:00 67220245                   /usr/lib64/libdl-2.17.so
7ffa40270000-7ffa40271000 r--p 00002000 fd:00 67220245                   /usr/lib64/libdl-2.17.so
7ffa40271000-7ffa40272000 rw-p 00003000 fd:00 67220245                   /usr/lib64/libdl-2.17.so
7ffa40272000-7ffa40287000 r-xp 00000000 fd:00 101285918                  /usr/java/jdk1.8.0_131/lib/amd64/jli/libjli.so
7ffa40287000-7ffa40487000 ---p 00015000 fd:00 101285918                  /usr/java/jdk1.8.0_131/lib/amd64/jli/libjli.so
7ffa40487000-7ffa40488000 rw-p 00015000 fd:00 101285918                  /usr/java/jdk1.8.0_131/lib/amd64/jli/libjli.so
7ffa40488000-7ffa4049f000 r-xp 00000000 fd:00 67220265                   /usr/lib64/libpthread-2.17.so
7ffa4049f000-7ffa4069e000 ---p 00017000 fd:00 67220265                   /usr/lib64/libpthread-2.17.so
7ffa4069e000-7ffa4069f000 r--p 00016000 fd:00 67220265                   /usr/lib64/libpthread-2.17.so
7ffa4069f000-7ffa406a0000 rw-p 00017000 fd:00 67220265                   /usr/lib64/libpthread-2.17.so
7ffa406a0000-7ffa406a4000 rw-p 00000000 00:00 0 
7ffa406a4000-7ffa406c4000 r-xp 00000000 fd:00 67220232                   /usr/lib64/ld-2.17.so
7ffa407b0000-7ffa407b2000 rw-p 00000000 00:00 0 
7ffa407b2000-7ffa407b5000 ---p 00000000 00:00 0 
7ffa407b5000-7ffa408b8000 rw-p 00000000 00:00 0                          [stack:4908]
7ffa408b8000-7ffa408c0000 rw-s 00000000 fd:00 25536                      /tmp/hsperfdata_hadoop/4879
7ffa408c0000-7ffa408c1000 rw-p 00000000 00:00 0 
7ffa408c1000-7ffa408c2000 r--p 00000000 00:00 0 
7ffa408c2000-7ffa408c3000 rw-p 00000000 00:00 0 
7ffa408c3000-7ffa408c4000 r--p 0001f000 fd:00 67220232                   /usr/lib64/ld-2.17.so
7ffa408c4000-7ffa408c5000 rw-p 00020000 fd:00 67220232                   /usr/lib64/ld-2.17.so
7ffa408c5000-7ffa408c6000 rw-p 00000000 00:00 0 
7ffd9bd94000-7ffd9bdb5000 rw-p 00000000 00:00 0                          [stack]
7ffd9bdb9000-7ffd9bdbb000 r-xp 00000000 00:00 0                          [vdso]
ffffffffff600000-ffffffffff601000 r-xp 00000000 00:00 0                  [vsyscall]

VM Arguments:
jvm_args: -Dscala.usejavacp=true -Xms5000g -Xmx5000g 
java_command: org.apache.spark.deploy.SparkSubmit --master spark://sd-spark01.localdomain:7077 --conf spark.driver.memory=5000g --class org.apache.spark.repl.Main --name Spark shell spark-shell -i S5-000-000.scala
java_class_path (initial): /home/hadoop/spark-1.6.0-bin-hadoop2.6/conf/:/home/hadoop/spark-1.6.0-bin-hadoop2.6/lib/spark-assembly-1.6.0-hadoop2.6.0.jar:/home/hadoop/spark-1.6.0-bin-hadoop2.6/lib/datanucleus-api-jdo-3.2.6.jar:/home/hadoop/spark-1.6.0-bin-hadoop2.6/lib/datanucleus-rdbms-3.2.9.jar:/home/hadoop/spark-1.6.0-bin-hadoop2.6/lib/datanucleus-core-3.2.10.jar
Launcher Type: SUN_STANDARD

Environment Variables:
JAVA_HOME=/usr/java/jdk1.8.0_131
JRE_HOME=/usr/java/jdk1.8.0_131/jre
CLASSPATH=/usr/java/jdk1.8.0_131/lib:.
PATH=/home/hadoop/.linuxbrew/bin:/home/linuxbrew/.linuxbrew/bin:/usr/local/bin:/bin:/usr/bin:/usr/local/sbin:/usr/sbin:/usr/java/jdk1.8.0_131/bin:/home/hadoop/hadoop-2.6.5/sbin:/home/hadoop/hadoop-2.6.5/bin:/home/hadoop/spark-1.6.0-bin-hadoop2.6/bin:/home/hadoop/.local/bin:/home/hadoop/bin
SHELL=/bin/bash

Signal Handlers:
SIGSEGV: [libjvm.so+0xac8af0], sa_mask[0]=11111111011111111101111111111110, sa_flags=SA_RESTART|SA_SIGINFO
SIGBUS: [libjvm.so+0xac8af0], sa_mask[0]=11111111011111111101111111111110, sa_flags=SA_RESTART|SA_SIGINFO
SIGFPE: [libjvm.so+0x921dd0], sa_mask[0]=11111111011111111101111111111110, sa_flags=SA_RESTART|SA_SIGINFO
SIGPIPE: [libjvm.so+0x921dd0], sa_mask[0]=11111111011111111101111111111110, sa_flags=SA_RESTART|SA_SIGINFO
SIGXFSZ: [libjvm.so+0x921dd0], sa_mask[0]=11111111011111111101111111111110, sa_flags=SA_RESTART|SA_SIGINFO
SIGILL: [libjvm.so+0x921dd0], sa_mask[0]=11111111011111111101111111111110, sa_flags=SA_RESTART|SA_SIGINFO
SIGUSR1: SIG_DFL, sa_mask[0]=00000000000000000000000000000000, sa_flags=none
SIGUSR2: [libjvm.so+0x923610], sa_mask[0]=00000000000000000000000000000000, sa_flags=SA_RESTART|SA_SIGINFO
SIGHUP: SIG_DFL, sa_mask[0]=00000000000000000000000000000000, sa_flags=none
SIGINT: SIG_DFL, sa_mask[0]=00000000000000000000000000000000, sa_flags=none
SIGTERM: SIG_DFL, sa_mask[0]=00000000000000000000000000000000, sa_flags=none
SIGQUIT: SIG_DFL, sa_mask[0]=00000000000000000000000000000000, sa_flags=none


---------------  S Y S T E M  ---------------

OS:CentOS Linux release 7.3.1611 (Core) 

uname:Linux 3.10.0-514.el7.x86_64 #1 SMP Tue Nov 22 16:42:41 UTC 2016 x86_64
libc:glibc 2.17 NPTL 2.17 
rlimit: STACK 8192k, CORE 0k, NPROC 4096, NOFILE 4096, AS infinity
load average:0.10 0.07 0.10

/proc/meminfo:
MemTotal:       16267828 kB
MemFree:        12644852 kB
MemAvailable:   12664528 kB
Buffers:               0 kB
Cached:           280588 kB
SwapCached:           44 kB
Active:          2640364 kB
Inactive:         740852 kB
Active(anon):    2524400 kB
Inactive(anon):   593440 kB
Active(file):     115964 kB
Inactive(file):   147412 kB
Unevictable:           0 kB
Mlocked:               0 kB
SwapTotal:       8257532 kB
SwapFree:        8257404 kB
Dirty:               100 kB
Writeback:             0 kB
AnonPages:       3098744 kB
Mapped:            63468 kB
Shmem:             16988 kB
Slab:              69644 kB
SReclaimable:      20316 kB
SUnreclaim:        49328 kB
KernelStack:        9376 kB
PageTables:        14368 kB
NFS_Unstable:          0 kB
Bounce:                0 kB
WritebackTmp:          0 kB
CommitLimit:    16391444 kB
Committed_AS:    5468028 kB
VmallocTotal:   34359738367 kB
VmallocUsed:      178780 kB
VmallocChunk:   34359341052 kB
HardwareCorrupted:     0 kB
AnonHugePages:   2820096 kB
HugePages_Total:       0
HugePages_Free:        0
HugePages_Rsvd:        0
HugePages_Surp:        0
Hugepagesize:       2048 kB
DirectMap4k:      116672 kB
DirectMap2M:     4077568 kB
DirectMap1G:    14680064 kB


CPU:total 8 (initial active 8) (1 cores per cpu, 1 threads per core) family 6 model 63 stepping 2, cmov, cx8, fxsr, mmx, sse, sse2, sse3, ssse3, sse4.1, sse4.2, popcnt, avx, avx2, aes, clmul, erms, lzcnt, tsc, tscinvbit, bmi1, bmi2

/proc/cpuinfo:
processor	: 0
vendor_id	: GenuineIntel
cpu family	: 6
model		: 63
model name	: Intel(R) Xeon(R) CPU E5-2630 v3 @ 2.40GHz
stepping	: 2
microcode	: 0x35
cpu MHz		: 2393.423
cache size	: 20480 KB
physical id	: 0
siblings	: 1
core id		: 0
cpu cores	: 1
apicid		: 0
initial apicid	: 0
fpu		: yes
fpu_exception	: yes
cpuid level	: 15
wp		: yes
flags		: fpu vme de pse tsc msr pae mce cx8 apic sep mtrr pge mca cmov pat pse36 clflush dts mmx fxsr sse sse2 ss syscall nx pdpe1gb rdtscp lm constant_tsc arch_perfmon pebs bts nopl xtopology tsc_reliable nonstop_tsc aperfmperf eagerfpu pni pclmulqdq ssse3 fma cx16 pcid sse4_1 sse4_2 x2apic movbe popcnt tsc_deadline_timer aes xsave avx f16c rdrand hypervisor lahf_lm abm ida arat epb pln pts dtherm fsgsbase tsc_adjust bmi1 avx2 smep bmi2 invpcid xsaveopt
bogomips	: 4789.30
clflush size	: 64
cache_alignment	: 64
address sizes	: 42 bits physical, 48 bits virtual
power management:

processor	: 1
vendor_id	: GenuineIntel
cpu family	: 6
model		: 63
model name	: Intel(R) Xeon(R) CPU E5-2630 v3 @ 2.40GHz
stepping	: 2
microcode	: 0x35
cpu MHz		: 2393.423
cache size	: 20480 KB
physical id	: 2
siblings	: 1
core id		: 0
cpu cores	: 1
apicid		: 2
initial apicid	: 2
fpu		: yes
fpu_exception	: yes
cpuid level	: 15
wp		: yes
flags		: fpu vme de pse tsc msr pae mce cx8 apic sep mtrr pge mca cmov pat pse36 clflush dts mmx fxsr sse sse2 ss syscall nx pdpe1gb rdtscp lm constant_tsc arch_perfmon pebs bts nopl xtopology tsc_reliable nonstop_tsc aperfmperf eagerfpu pni pclmulqdq ssse3 fma cx16 pcid sse4_1 sse4_2 x2apic movbe popcnt tsc_deadline_timer aes xsave avx f16c rdrand hypervisor lahf_lm abm ida arat epb pln pts dtherm fsgsbase tsc_adjust bmi1 avx2 smep bmi2 invpcid xsaveopt
bogomips	: 4789.30
clflush size	: 64
cache_alignment	: 64
address sizes	: 42 bits physical, 48 bits virtual
power management:

processor	: 2
vendor_id	: GenuineIntel
cpu family	: 6
model		: 63
model name	: Intel(R) Xeon(R) CPU E5-2630 v3 @ 2.40GHz
stepping	: 2
microcode	: 0x35
cpu MHz		: 2393.423
cache size	: 20480 KB
physical id	: 4
siblings	: 1
core id		: 0
cpu cores	: 1
apicid		: 4
initial apicid	: 4
fpu		: yes
fpu_exception	: yes
cpuid level	: 15
wp		: yes
flags		: fpu vme de pse tsc msr pae mce cx8 apic sep mtrr pge mca cmov pat pse36 clflush dts mmx fxsr sse sse2 ss syscall nx pdpe1gb rdtscp lm constant_tsc arch_perfmon pebs bts nopl xtopology tsc_reliable nonstop_tsc aperfmperf eagerfpu pni pclmulqdq ssse3 fma cx16 pcid sse4_1 sse4_2 x2apic movbe popcnt tsc_deadline_timer aes xsave avx f16c rdrand hypervisor lahf_lm abm ida arat epb pln pts dtherm fsgsbase tsc_adjust bmi1 avx2 smep bmi2 invpcid xsaveopt
bogomips	: 4789.30
clflush size	: 64
cache_alignment	: 64
address sizes	: 42 bits physical, 48 bits virtual
power management:

processor	: 3
vendor_id	: GenuineIntel
cpu family	: 6
model		: 63
model name	: Intel(R) Xeon(R) CPU E5-2630 v3 @ 2.40GHz
stepping	: 2
microcode	: 0x35
cpu MHz		: 2393.423
cache size	: 20480 KB
physical id	: 6
siblings	: 1
core id		: 0
cpu cores	: 1
apicid		: 6
initial apicid	: 6
fpu		: yes
fpu_exception	: yes
cpuid level	: 15
wp		: yes
flags		: fpu vme de pse tsc msr pae mce cx8 apic sep mtrr pge mca cmov pat pse36 clflush dts mmx fxsr sse sse2 ss syscall nx pdpe1gb rdtscp lm constant_tsc arch_perfmon pebs bts nopl xtopology tsc_reliable nonstop_tsc aperfmperf eagerfpu pni pclmulqdq ssse3 fma cx16 pcid sse4_1 sse4_2 x2apic movbe popcnt tsc_deadline_timer aes xsave avx f16c rdrand hypervisor lahf_lm abm ida arat epb pln pts dtherm fsgsbase tsc_adjust bmi1 avx2 smep bmi2 invpcid xsaveopt
bogomips	: 4789.30
clflush size	: 64
cache_alignment	: 64
address sizes	: 42 bits physical, 48 bits virtual
power management:

processor	: 4
vendor_id	: GenuineIntel
cpu family	: 6
model		: 63
model name	: Intel(R) Xeon(R) CPU E5-2630 v3 @ 2.40GHz
stepping	: 2
microcode	: 0x35
cpu MHz		: 2393.423
cache size	: 20480 KB
physical id	: 8
siblings	: 1
core id		: 0
cpu cores	: 1
apicid		: 8
initial apicid	: 8
fpu		: yes
fpu_exception	: yes
cpuid level	: 15
wp		: yes
flags		: fpu vme de pse tsc msr pae mce cx8 apic sep mtrr pge mca cmov pat pse36 clflush dts mmx fxsr sse sse2 ss syscall nx pdpe1gb rdtscp lm constant_tsc arch_perfmon pebs bts nopl xtopology tsc_reliable nonstop_tsc aperfmperf eagerfpu pni pclmulqdq ssse3 fma cx16 pcid sse4_1 sse4_2 x2apic movbe popcnt tsc_deadline_timer aes xsave avx f16c rdrand hypervisor lahf_lm abm ida arat epb pln pts dtherm fsgsbase tsc_adjust bmi1 avx2 smep bmi2 invpcid xsaveopt
bogomips	: 4789.30
clflush size	: 64
cache_alignment	: 64
address sizes	: 42 bits physical, 48 bits virtual
power management:

processor	: 5
vendor_id	: GenuineIntel
cpu family	: 6
model		: 63
model name	: Intel(R) Xeon(R) CPU E5-2630 v3 @ 2.40GHz
stepping	: 2
microcode	: 0x35
cpu MHz		: 2393.423
cache size	: 20480 KB
physical id	: 10
siblings	: 1
core id		: 0
cpu cores	: 1
apicid		: 10
initial apicid	: 10
fpu		: yes
fpu_exception	: yes
cpuid level	: 15
wp		: yes
flags		: fpu vme de pse tsc msr pae mce cx8 apic sep mtrr pge mca cmov pat pse36 clflush dts mmx fxsr sse sse2 ss syscall nx pdpe1gb rdtscp lm constant_tsc arch_perfmon pebs bts nopl xtopology tsc_reliable nonstop_tsc aperfmperf eagerfpu pni pclmulqdq ssse3 fma cx16 pcid sse4_1 sse4_2 x2apic movbe popcnt tsc_deadline_timer aes xsave avx f16c rdrand hypervisor lahf_lm abm ida arat epb pln pts dtherm fsgsbase tsc_adjust bmi1 avx2 smep bmi2 invpcid xsaveopt
bogomips	: 4789.30
clflush size	: 64
cache_alignment	: 64
address sizes	: 42 bits physical, 48 bits virtual
power management:

processor	: 6
vendor_id	: GenuineIntel
cpu family	: 6
model		: 63
model name	: Intel(R) Xeon(R) CPU E5-2630 v3 @ 2.40GHz
stepping	: 2
microcode	: 0x35
cpu MHz		: 2393.423
cache size	: 20480 KB
physical id	: 12
siblings	: 1
core id		: 0
cpu cores	: 1
apicid		: 12
initial apicid	: 12
fpu		: yes
fpu_exception	: yes
cpuid level	: 15
wp		: yes
flags		: fpu vme de pse tsc msr pae mce cx8 apic sep mtrr pge mca cmov pat pse36 clflush dts mmx fxsr sse sse2 ss syscall nx pdpe1gb rdtscp lm constant_tsc arch_perfmon pebs bts nopl xtopology tsc_reliable nonstop_tsc aperfmperf eagerfpu pni pclmulqdq ssse3 fma cx16 pcid sse4_1 sse4_2 x2apic movbe popcnt tsc_deadline_timer aes xsave avx f16c rdrand hypervisor lahf_lm abm ida arat epb pln pts dtherm fsgsbase tsc_adjust bmi1 avx2 smep bmi2 invpcid xsaveopt
bogomips	: 4789.30
clflush size	: 64
cache_alignment	: 64
address sizes	: 42 bits physical, 48 bits virtual
power management:

processor	: 7
vendor_id	: GenuineIntel
cpu family	: 6
model		: 63
model name	: Intel(R) Xeon(R) CPU E5-2630 v3 @ 2.40GHz
stepping	: 2
microcode	: 0x35
cpu MHz		: 2393.423
cache size	: 20480 KB
physical id	: 14
siblings	: 1
core id		: 0
cpu cores	: 1
apicid		: 14
initial apicid	: 14
fpu		: yes
fpu_exception	: yes
cpuid level	: 15
wp		: yes
flags		: fpu vme de pse tsc msr pae mce cx8 apic sep mtrr pge mca cmov pat pse36 clflush dts mmx fxsr sse sse2 ss syscall nx pdpe1gb rdtscp lm constant_tsc arch_perfmon pebs bts nopl xtopology tsc_reliable nonstop_tsc aperfmperf eagerfpu pni pclmulqdq ssse3 fma cx16 pcid sse4_1 sse4_2 x2apic movbe popcnt tsc_deadline_timer aes xsave avx f16c rdrand hypervisor lahf_lm abm ida arat epb pln pts dtherm fsgsbase tsc_adjust bmi1 avx2 smep bmi2 invpcid xsaveopt
bogomips	: 4789.30
clflush size	: 64
cache_alignment	: 64
address sizes	: 42 bits physical, 48 bits virtual
power management:



Memory: 4k page, physical 16267828k(12644852k free), swap 8257532k(8257404k free)

vm_info: Java HotSpot(TM) 64-Bit Server VM (25.131-b11) for linux-amd64 JRE (1.8.0_131-b11), built on Mar 15 2017 01:23:40 by "java_re" with gcc 4.3.0 20080428 (Red Hat 4.3.0-8)

time: Mon Jun 26 16:32:50 2017
elapsed time: 0 seconds (0d 0h 0m 0s)

